2023/08/05 00:33:42 ERROR __init__(47) Wallet with name 'Wallet1' already exists
2023/08/05 00:34:58 ERROR __init__(47) Wallet 'Walley1' not found, please specify correct wallet ID or name.
2023/08/05 00:35:03 ERROR __init__(47) Wallet 'Walley1' not found, please specify correct wallet ID or name.
2023/08/05 01:58:15 ERROR __init__(47) Wallet 'james@gmail.com' not found, please specify correct wallet ID or name.
2023/08/05 01:58:24 ERROR __init__(47) Wallet 'james@gmail.com' not found, please specify correct wallet ID or name.
2023/08/05 02:38:58 ERROR __init__(47) Wallet with name 'cuddletogs@gmail.com' already exists
2023/08/05 02:39:45 ERROR __init__(47) Wallet with name 'cuddletogs@gmail.com' already exists
2023/08/05 02:40:16 ERROR __init__(47) Wallet with name 'testwallet@gmail.com' already exists
2023/08/07 04:50:43 ERROR __init__(47) Wallet 'hello@gmail.com' not found, please specify correct wallet ID or name.
2023/08/07 05:33:17 ERROR __init__(47) Wallet 'hello@gmail.com' not found, please specify correct wallet ID or name.
2023/08/07 05:36:43 ERROR __init__(47) Wallet 'hello@gmail.com' not found, please specify correct wallet ID or name.
2023/08/07 05:39:58 ERROR __init__(47) Wallet 'hello@gmail.com' not found, please specify correct wallet ID or name.
2023/08/07 05:53:18 ERROR __init__(47) Wallet 'hello@gmail.com' not found, please specify correct wallet ID or name.
2023/08/07 06:13:41 ERROR __init__(47) Wallet 'hello@gmail.com' not found, please specify correct wallet ID or name.
2023/08/07 06:18:50 ERROR __init__(47) Wallet 'hello@gmail.com' not found, please specify correct wallet ID or name.
2023/08/07 06:22:17 ERROR __init__(47) Wallet 'hello@gmail.com' not found, please specify correct wallet ID or name.
2023/08/07 02:58:21 ERROR __init__(47) Wallet with name 'test' already exists
2023/08/07 07:17:19 ERROR __init__(47) Wallet 'cuddletogs@gmail.com' not found, please specify correct wallet ID or name.
2023/08/07 10:19:42 ERROR __init__(47) Wallet 'cuddletogs@gmail.com' not found, please specify correct wallet ID or name.
2023/08/07 10:19:50 ERROR __init__(47) Wallet 'cuddletogs@gmail.com' not found, please specify correct wallet ID or name.
2023/08/07 10:19:59 ERROR __init__(47) Wallet 'cuddletogs@gmail.com' not found, please specify correct wallet ID or name.
2023/08/07 10:20:01 ERROR __init__(47) Wallet with name 'tes7ty12345' already exists
2023/08/07 10:20:02 ERROR __init__(47) Wallet 'cuddletogs@gmail.com' not found, please specify correct wallet ID or name.
2023/08/07 10:21:56 ERROR __init__(47) Wallet 'cuddletogs@gmail.com' not found, please specify correct wallet ID or name.
2023/08/07 10:22:00 ERROR __init__(47) Wallet 'cuddletogs@gmail.com' not found, please specify correct wallet ID or name.
2023/08/07 10:22:02 ERROR __init__(47) Wallet with name 'tes7ty12346' already exists
2023/08/07 10:23:40 ERROR __init__(47) Wallet 'cuddletogs@gmail.com' not found, please specify correct wallet ID or name.
2023/08/07 10:23:45 ERROR __init__(47) Wallet 'cuddletogs@gmail.com' not found, please specify correct wallet ID or name.
2023/08/07 10:25:31 ERROR __init__(47) Wallet 'cuddletogs@gmail.com' not found, please specify correct wallet ID or name.
2023/08/07 10:25:38 ERROR __init__(47) Wallet 'cuddletogs@gmail.com' not found, please specify correct wallet ID or name.
2023/08/07 10:26:22 ERROR __init__(47) Wallet 'cuddletogs@gmail.com' not found, please specify correct wallet ID or name.
2023/08/07 10:26:35 ERROR __init__(47) Wallet 'cuddletogs@gmail.com' not found, please specify correct wallet ID or name.
2023/08/07 10:28:09 ERROR __init__(48) Wallet 'cuddletogs@gmail.com' not found, please specify correct wallet ID or name.
2023/08/07 10:36:35 ERROR __init__(48) Wallet 'cuddletogs@gmail.com' not found, please specify correct wallet ID or name.
2023/08/07 10:36:37 ERROR __init__(48) Wallet with name 'tes7ty2346' already exists
2023/08/07 10:36:58 ERROR __init__(48) Wallet with name 'tes7ty2346' already exists
2023/08/07 10:38:41 ERROR __init__(48) Wallet with name 'tes7ty2346' already exists
2023/08/07 10:38:49 ERROR __init__(48) Wallet with name 'tes7ty2346' already exists
2023/08/07 10:38:53 ERROR __init__(48) Wallet with name 'tes7ty2346' already exists
2023/08/07 10:40:46 ERROR __init__(48) Wallet 'cuddletogs@gmail.com' not found, please specify correct wallet ID or name.
2023/08/07 10:41:08 ERROR __init__(48) Wallet 'cuddletogs@gmail.com' not found, please specify correct wallet ID or name.
2023/08/07 10:41:55 ERROR __init__(48) Wallet 'cuddletogs@gmail.com' not found, please specify correct wallet ID or name.
2023/08/07 10:43:33 ERROR __init__(48) Wallet 'cuddletogs@gmail.com' not found, please specify correct wallet ID or name.
2023/08/07 10:43:46 ERROR __init__(48) Wallet 'cuddletogs@gmail.com' not found, please specify correct wallet ID or name.
2023/08/07 10:46:11 ERROR __init__(48) Wallet 'cuddletogs@gmail.com' not found, please specify correct wallet ID or name.
2023/08/07 10:46:44 ERROR __init__(48) Wallet 'cuddletogs@gmail.com' not found, please specify correct wallet ID or name.
2023/08/07 10:47:43 ERROR __init__(48) Wallet with name 's7ty2346' already exists
2023/08/07 10:48:03 ERROR __init__(48) Wallet 'cuddletogs@gmail.com' not found, please specify correct wallet ID or name.
2023/08/07 10:48:04 ERROR __init__(48) Wallet with name 's7ty2346' already exists
2023/08/07 10:49:55 ERROR __init__(48) Wallet with name 's7ty2346' already exists
2023/08/07 10:50:28 ERROR __init__(48) Wallet 'cuddletogs@gmail.com' not found, please specify correct wallet ID or name.
2023/08/07 10:50:30 ERROR __init__(48) Wallet with name 's7ty2346' already exists
2023/08/07 10:51:33 ERROR __init__(48) Wallet with name 's7ty2346' already exists
2023/08/07 10:51:56 ERROR __init__(48) Wallet with name 's7ty2346' already exists
2023/08/07 10:52:13 ERROR __init__(48) Wallet with name 's7ty2346' already exists
2023/08/07 10:52:55 ERROR __init__(48) Wallet 'cuddletogs@gmail.com' not found, please specify correct wallet ID or name.
2023/08/07 10:52:57 ERROR __init__(48) Wallet with name 's7ty2346' already exists
2023/08/07 10:53:23 ERROR __init__(48) Wallet with name 's7ty2346' already exists
2023/08/07 10:53:30 ERROR __init__(48) Wallet 'cuddletogs@gmail.com' not found, please specify correct wallet ID or name.
2023/08/07 10:53:32 ERROR __init__(48) Wallet with name 's7ty2346' already exists
2023/08/07 10:54:06 ERROR __init__(48) Wallet with name 's7ty2346' already exists
2023/08/07 10:54:11 ERROR __init__(48) Wallet 'cuddletogs@gmail.com' not found, please specify correct wallet ID or name.
2023/08/07 10:54:13 ERROR __init__(48) Wallet with name 's7ty2346' already exists
2023/08/07 10:54:20 ERROR __init__(48) Wallet with name 's7ty2346' already exists
2023/08/07 10:54:37 ERROR __init__(48) Wallet with name 's7ty2346' already exists
2023/08/07 10:55:13 ERROR __init__(48) Wallet with name 's7ty2346' already exists
2023/08/07 10:55:19 ERROR __init__(48) Wallet 'cuddletogs@gmail.com' not found, please specify correct wallet ID or name.
2023/08/07 10:55:21 ERROR __init__(48) Wallet with name 's7ty2346' already exists
2023/08/07 10:56:29 ERROR __init__(48) Wallet 'cuddletogs@gmail.com' not found, please specify correct wallet ID or name.
2023/08/07 10:59:18 ERROR __init__(48) Wallet 'cuddletogs@gmail.com' not found, please specify correct wallet ID or name.
2023/08/07 11:01:10 ERROR __init__(48) Wallet 'cuddletogs@gmail.com' not found, please specify correct wallet ID or name.
2023/08/07 11:01:14 ERROR __init__(48) Wallet 'cuddletogs@gmail.com' not found, please specify correct wallet ID or name.
2023/08/07 11:01:25 ERROR __init__(48) Wallet 'cuddletogs@gmail.com' not found, please specify correct wallet ID or name.
2023/08/07 11:01:27 ERROR __init__(48) Wallet 'cuddletogs@gmail.com' not found, please specify correct wallet ID or name.
2023/08/07 11:01:27 ERROR __init__(48) Wallet 'cuddletogs@gmail.com' not found, please specify correct wallet ID or name.
2023/08/07 11:01:33 ERROR __init__(48) Wallet 'cuddletogs@gmail.com' not found, please specify correct wallet ID or name.
2023/08/07 11:01:45 ERROR __init__(48) Wallet 'cuddletogs@gmail.com' not found, please specify correct wallet ID or name.
2023/08/07 11:05:36 ERROR __init__(48) Wallet 'cuddletogs@gmail.com' not found, please specify correct wallet ID or name.
2023/08/07 11:05:42 ERROR __init__(48) Wallet 'cuddletogs@gmail.com' not found, please specify correct wallet ID or name.
2023/08/07 11:07:42 ERROR __init__(48) Wallet 'cuddletogs@gmail.com' not found, please specify correct wallet ID or name.
2023/08/07 11:08:11 ERROR __init__(48) Wallet 'cuddletogs@gmail.com' not found, please specify correct wallet ID or name.
2023/08/07 11:08:42 ERROR __init__(48) Wallet 'cuddletogs@gmail.com' not found, please specify correct wallet ID or name.
2023/08/07 11:09:17 ERROR __init__(48) Wallet 'cuddletogs@gmail.com' not found, please specify correct wallet ID or name.
2023/08/07 11:14:15 ERROR __init__(48) Wallet 'gibs@gmail.com' not found, please specify correct wallet ID or name.
2023/08/07 11:14:29 ERROR __init__(48) Wallet 'gibs@gmail.com' not found, please specify correct wallet ID or name.
2023/08/07 11:14:30 ERROR __init__(48) Wallet 'gibs@gmail.com' not found, please specify correct wallet ID or name.
2023/08/10 22:08:06 WARNING _provider_execute(213) Aborting, max errors exceeded: ['blockchair.testnet', 'bitaps.testnet', 'litecoinblockexplorer.testnet2', 'blockbook.testnet2']
2023/08/10 22:08:06 WARNING _provider_execute(213) Aborting, max errors exceeded: ['bitgo.testnet', 'blockstream.testnet', 'blocksmurfer.testnet', 'mempool.testnet']
2023/08/10 22:08:06 WARNING _provider_execute(213) Aborting, max errors exceeded: ['blockchair.testnet', 'blockstream.testnet', 'mempool.testnet', 'blockbook.testnet2']
2023/08/10 22:08:06 ERROR __init__(40) Error when retrieving transactions from service provider
2023/08/10 22:14:03 ERROR __init__(34) Network testnetr not found in network definitions
2023/08/10 22:14:04 ERROR __init__(34) Network testnetr not found in network definitions
2023/08/10 22:14:16 ERROR __init__(34) Network testnetr not found in network definitions
2023/08/10 22:14:18 ERROR __init__(48) Wallet with name 'cuddletogs@gmail.com' already exists
2023/08/10 22:14:19 ERROR __init__(34) Network testnetr not found in network definitions
2023/08/10 22:14:23 ERROR __init__(34) Network testnetr not found in network definitions
2023/08/10 22:14:25 ERROR __init__(34) Network testnetr not found in network definitions
2023/08/10 22:14:39 ERROR __init__(34) Network testnetr not found in network definitions
2023/08/10 23:51:29 WARNING _provider_execute(213) Aborting, max errors exceeded: ['litecoinblockexplorer.testnet2', 'bitaps.testnet', 'blocksmurfer.testnet', 'blockchair.testnet']
2023/08/10 23:51:29 WARNING _provider_execute(213) Aborting, max errors exceeded: ['mempool.testnet', 'blockchair.testnet', 'bitaps.testnet', 'blocksmurfer.testnet']
2023/08/10 23:51:29 WARNING _provider_execute(213) Aborting, max errors exceeded: ['blockbook.testnet2', 'bitgo.testnet', 'blockstream.testnet', 'litecoinblockexplorer.testnet2']
2023/08/10 23:51:29 WARNING _provider_execute(213) Aborting, max errors exceeded: ['blocksmurfer.testnet', 'litecoinblockexplorer.testnet2', 'blockstream.testnet', 'bitgo.testnet']
2023/08/10 23:51:29 WARNING _provider_execute(213) Aborting, max errors exceeded: ['mempool.testnet', 'blockbook.testnet2', 'bitaps.testnet', 'litecoinblockexplorer.testnet2']
2023/08/10 23:51:29 WARNING _provider_execute(213) Aborting, max errors exceeded: ['blockbook.testnet2', 'blockchair.testnet', 'blockstream.testnet', 'bitaps.testnet']
2023/08/10 23:51:29 WARNING _provider_execute(213) Aborting, max errors exceeded: ['bitgo.testnet', 'blockstream.testnet', 'mempool.testnet', 'blockchair.testnet']
2023/08/10 23:51:30 WARNING _provider_execute(213) Aborting, max errors exceeded: ['bitgo.testnet', 'mempool.testnet', 'bitaps.testnet', 'blockstream.testnet']
2023/08/10 23:51:30 WARNING _provider_execute(213) Aborting, max errors exceeded: ['blocksmurfer.testnet', 'litecoinblockexplorer.testnet2', 'bitaps.testnet', 'blockstream.testnet']
2023/08/10 23:51:30 WARNING _provider_execute(213) Aborting, max errors exceeded: ['litecoinblockexplorer.testnet2', 'bitaps.testnet', 'bitgo.testnet', 'blockchair.testnet']
2023/08/10 23:51:30 WARNING _provider_execute(213) Aborting, max errors exceeded: ['mempool.testnet', 'blocksmurfer.testnet', 'blockchair.testnet', 'bitaps.testnet']
2023/08/10 23:51:31 WARNING _provider_execute(213) Aborting, max errors exceeded: ['blockchair.testnet', 'bitaps.testnet', 'blockbook.testnet2', 'blockstream.testnet']
2023/08/10 23:51:31 WARNING _provider_execute(213) Aborting, max errors exceeded: ['blocksmurfer.testnet', 'litecoinblockexplorer.testnet2', 'blockbook.testnet2', 'blockchair.testnet']
2023/08/10 23:51:31 WARNING _provider_execute(213) Aborting, max errors exceeded: ['blockchair.testnet', 'bitaps.testnet', 'blockstream.testnet', 'blockbook.testnet2']
2023/08/10 23:51:31 WARNING _provider_execute(213) Aborting, max errors exceeded: ['litecoinblockexplorer.testnet2', 'bitgo.testnet', 'bitaps.testnet', 'blockstream.testnet']
2023/08/10 23:51:31 WARNING _provider_execute(213) Aborting, max errors exceeded: ['mempool.testnet', 'blockstream.testnet', 'litecoinblockexplorer.testnet2', 'blockbook.testnet2']
2023/08/10 23:51:31 WARNING _provider_execute(213) Aborting, max errors exceeded: ['blockchair.testnet', 'litecoinblockexplorer.testnet2', 'blocksmurfer.testnet', 'mempool.testnet']
2023/08/10 23:51:31 WARNING _provider_execute(213) Aborting, max errors exceeded: ['bitaps.testnet', 'bitgo.testnet', 'mempool.testnet', 'blockstream.testnet']
2023/08/10 23:51:31 WARNING _provider_execute(213) Aborting, max errors exceeded: ['blockchair.testnet', 'litecoinblockexplorer.testnet2', 'bitgo.testnet', 'mempool.testnet']
2023/08/10 23:51:31 WARNING _provider_execute(213) Aborting, max errors exceeded: ['blockstream.testnet', 'blocksmurfer.testnet', 'blockbook.testnet2', 'blockchair.testnet']
2023/08/10 23:51:31 WARNING _provider_execute(213) Aborting, max errors exceeded: ['bitaps.testnet', 'mempool.testnet', 'blockbook.testnet2', 'blocksmurfer.testnet']
2023/08/10 23:51:31 WARNING _provider_execute(213) Aborting, max errors exceeded: ['blockstream.testnet', 'blockchair.testnet', 'blockbook.testnet2', 'bitaps.testnet']
2023/08/10 23:51:45 WARNING _provider_execute(213) Aborting, max errors exceeded: ['blockbook.testnet2', 'bitaps.testnet', 'blocksmurfer.testnet', 'bitgo.testnet']
2023/08/10 23:51:45 WARNING _provider_execute(213) Aborting, max errors exceeded: ['litecoinblockexplorer.testnet2', 'blockchair.testnet', 'blocksmurfer.testnet', 'bitaps.testnet']
2023/08/10 23:51:45 WARNING _provider_execute(213) Aborting, max errors exceeded: ['blocksmurfer.testnet', 'blockchair.testnet', 'bitaps.testnet', 'blockbook.testnet2']
2023/08/10 23:51:45 WARNING _provider_execute(213) Aborting, max errors exceeded: ['blocksmurfer.testnet', 'mempool.testnet', 'blockchair.testnet', 'blockstream.testnet']
2023/08/10 23:51:45 WARNING _provider_execute(213) Aborting, max errors exceeded: ['blockbook.testnet2', 'bitaps.testnet', 'bitgo.testnet', 'blockstream.testnet']
2023/08/10 23:51:45 WARNING _provider_execute(213) Aborting, max errors exceeded: ['blockchair.testnet', 'bitaps.testnet', 'mempool.testnet', 'bitgo.testnet']
2023/08/10 23:51:45 WARNING _provider_execute(213) Aborting, max errors exceeded: ['blocksmurfer.testnet', 'litecoinblockexplorer.testnet2', 'blockchair.testnet', 'bitgo.testnet']
2023/08/10 23:51:45 WARNING _provider_execute(213) Aborting, max errors exceeded: ['blockchair.testnet', 'mempool.testnet', 'blockstream.testnet', 'blockbook.testnet2']
2023/08/10 23:51:45 WARNING _provider_execute(213) Aborting, max errors exceeded: ['litecoinblockexplorer.testnet2', 'blockstream.testnet', 'bitaps.testnet', 'blockbook.testnet2']
2023/08/10 23:51:45 WARNING _provider_execute(213) Aborting, max errors exceeded: ['blockbook.testnet2', 'blocksmurfer.testnet', 'blockchair.testnet', 'bitgo.testnet']
2023/08/10 23:51:45 WARNING _provider_execute(213) Aborting, max errors exceeded: ['mempool.testnet', 'blocksmurfer.testnet', 'bitgo.testnet', 'blockstream.testnet']
2023/08/10 23:53:49 WARNING _provider_execute(213) Aborting, max errors exceeded: ['blockstream.testnet', 'blockbook.testnet2', 'litecoinblockexplorer.testnet2', 'blocksmurfer.testnet']
2023/08/10 23:53:49 WARNING _provider_execute(213) Aborting, max errors exceeded: ['blockchair.testnet', 'blocksmurfer.testnet', 'blockstream.testnet', 'litecoinblockexplorer.testnet2']
2023/08/10 23:53:49 WARNING _provider_execute(213) Aborting, max errors exceeded: ['blockstream.testnet', 'blockchair.testnet', 'mempool.testnet', 'bitaps.testnet']
2023/08/10 23:53:49 WARNING _provider_execute(213) Aborting, max errors exceeded: ['mempool.testnet', 'bitgo.testnet', 'blockchair.testnet', 'blockstream.testnet']
2023/08/10 23:53:49 WARNING _provider_execute(213) Aborting, max errors exceeded: ['blockstream.testnet', 'bitaps.testnet', 'bitgo.testnet', 'litecoinblockexplorer.testnet2']
2023/08/10 23:53:49 WARNING _provider_execute(213) Aborting, max errors exceeded: ['blockstream.testnet', 'blockchair.testnet', 'bitaps.testnet', 'bitgo.testnet']
2023/08/10 23:53:49 WARNING _provider_execute(213) Aborting, max errors exceeded: ['mempool.testnet', 'blocksmurfer.testnet', 'blockchair.testnet', 'blockstream.testnet']
2023/08/10 23:53:49 WARNING _provider_execute(213) Aborting, max errors exceeded: ['bitaps.testnet', 'blockbook.testnet2', 'bitgo.testnet', 'blockstream.testnet']
2023/08/10 23:53:49 WARNING _provider_execute(213) Aborting, max errors exceeded: ['blockchair.testnet', 'blocksmurfer.testnet', 'mempool.testnet', 'blockstream.testnet']
2023/08/10 23:53:49 WARNING _provider_execute(213) Aborting, max errors exceeded: ['bitgo.testnet', 'blockchair.testnet', 'blockstream.testnet', 'blocksmurfer.testnet']
2023/08/10 23:53:50 WARNING _provider_execute(213) Aborting, max errors exceeded: ['litecoinblockexplorer.testnet2', 'mempool.testnet', 'blockbook.testnet2', 'bitgo.testnet']
2023/08/10 23:53:50 WARNING _provider_execute(213) Aborting, max errors exceeded: ['bitaps.testnet', 'litecoinblockexplorer.testnet2', 'mempool.testnet', 'blockchair.testnet']
2023/08/10 23:53:50 WARNING _provider_execute(213) Aborting, max errors exceeded: ['bitaps.testnet', 'blockchair.testnet', 'mempool.testnet', 'blockstream.testnet']
2023/08/10 23:53:53 WARNING _provider_execute(213) Aborting, max errors exceeded: ['blockstream.testnet', 'litecoinblockexplorer.testnet2', 'bitgo.testnet', 'blocksmurfer.testnet']
2023/08/10 23:53:53 WARNING _provider_execute(213) Aborting, max errors exceeded: ['blocksmurfer.testnet', 'mempool.testnet', 'bitgo.testnet', 'litecoinblockexplorer.testnet2']
2023/08/10 23:53:53 WARNING _provider_execute(213) Aborting, max errors exceeded: ['blocksmurfer.testnet', 'blockchair.testnet', 'bitgo.testnet', 'litecoinblockexplorer.testnet2']
2023/08/10 23:53:53 WARNING _provider_execute(213) Aborting, max errors exceeded: ['blockstream.testnet', 'blocksmurfer.testnet', 'blockbook.testnet2', 'bitgo.testnet']
2023/08/10 23:53:53 WARNING _provider_execute(213) Aborting, max errors exceeded: ['blocksmurfer.testnet', 'blockbook.testnet2', 'bitgo.testnet', 'bitaps.testnet']
2023/08/10 23:53:53 WARNING _provider_execute(213) Aborting, max errors exceeded: ['blockbook.testnet2', 'bitaps.testnet', 'mempool.testnet', 'blockchair.testnet']
2023/08/10 23:53:53 WARNING _provider_execute(213) Aborting, max errors exceeded: ['mempool.testnet', 'bitaps.testnet', 'blocksmurfer.testnet', 'blockchair.testnet']
2023/08/10 23:53:53 WARNING _provider_execute(213) Aborting, max errors exceeded: ['blockstream.testnet', 'blockchair.testnet', 'bitgo.testnet', 'blockbook.testnet2']
2023/08/10 23:53:53 WARNING _provider_execute(213) Aborting, max errors exceeded: ['blockchair.testnet', 'bitaps.testnet', 'mempool.testnet', 'blockstream.testnet']
2023/08/10 23:53:53 WARNING _provider_execute(213) Aborting, max errors exceeded: ['bitgo.testnet', 'blocksmurfer.testnet', 'blockchair.testnet', 'mempool.testnet']
2023/08/10 23:53:53 WARNING _provider_execute(213) Aborting, max errors exceeded: ['blockstream.testnet', 'blockbook.testnet2', 'bitgo.testnet', 'blocksmurfer.testnet']
2023/08/10 23:53:53 WARNING _provider_execute(213) Aborting, max errors exceeded: ['blocksmurfer.testnet', 'blockbook.testnet2', 'bitgo.testnet', 'mempool.testnet']
2023/08/10 23:53:53 WARNING _provider_execute(213) Aborting, max errors exceeded: ['bitaps.testnet', 'blockchair.testnet', 'bitgo.testnet', 'mempool.testnet']
2023/08/13 03:59:45 ERROR __init__(48) Wallet 'hehe@gmail.com' not found, please specify correct wallet ID or name.
2023/08/13 03:59:53 ERROR __init__(48) Wallet 'hehe@gmail.com' not found, please specify correct wallet ID or name.
2023/08/13 04:08:06 ERROR __init__(48) Wallet 'jj@gmail.com' not found, please specify correct wallet ID or name.
2023/08/13 04:35:58 ERROR __init__(48) Wallet 'james@gmail.com' not found, please specify correct wallet ID or name.
2023/08/13 04:44:37 ERROR __init__(48) Wallet 'james2@gmail.com' not found, please specify correct wallet ID or name.
2023/08/13 04:53:26 ERROR __init__(48) Wallet 'jameshehe@gmail.com' not found, please specify correct wallet ID or name.
2023/08/13 04:56:13 ERROR __init__(48) Wallet 'jameshehe@gmail.com' not found, please specify correct wallet ID or name.
2023/08/13 05:00:14 ERROR __init__(48) Wallet 'jameshehe@gmail.com' not found, please specify correct wallet ID or name.
2023/08/13 06:54:11 ERROR __init__(48) Wallet 'james@gmail.com' not found, please specify correct wallet ID or name.
2023/08/13 23:34:50 ERROR __init__(48) Wallet 'jjdoesit@gmail.com' not found, please specify correct wallet ID or name.
2023/08/13 23:35:21 ERROR __init__(48) Wallet with name 'jjdoesit@gmail.com' already exists
2023/08/13 23:35:33 ERROR __init__(48) Wallet with name 'jjdoesit@gmail.com' already exists
2023/08/13 23:41:45 ERROR __init__(48) Wallet 'hehe@gmail.com' not found, please specify correct wallet ID or name.
2023/08/13 23:46:22 ERROR __init__(48) Wallet 'io@gmail.com' not found, please specify correct wallet ID or name.
2023/08/14 23:05:18 ERROR __init__(48) Wallet 'james@gmail.com' not found, please specify correct wallet ID or name.
2023/08/14 23:13:51 ERROR __init__(55) Network bitcoin not found in extracted networks: ['testnet', 'litecoin_testnet']
2023/08/14 23:13:53 ERROR __init__(55) Network bitcoin not found in extracted networks: ['testnet', 'litecoin_testnet']
2023/08/14 23:13:54 ERROR __init__(55) Network bitcoin not found in extracted networks: ['testnet', 'litecoin_testnet']
2023/08/14 23:13:54 ERROR __init__(55) Network bitcoin not found in extracted networks: ['testnet', 'litecoin_testnet']
2023/08/14 23:15:49 ERROR __init__(55) Network bitcoin not found in extracted networks: ['testnet', 'litecoin_testnet']
2023/08/14 23:16:26 ERROR __init__(55) Network bitcoin not found in extracted networks: ['testnet', 'litecoin_testnet']
2023/08/14 23:17:05 ERROR __init__(55) Network bitcoin not found in extracted networks: ['testnet', 'litecoin_testnet']
2023/08/14 23:18:46 ERROR __init__(55) Network bitcoin not found in extracted networks: ['testnet', 'litecoin_testnet']
2023/08/14 23:19:32 ERROR __init__(55) Network bitcoin not found in extracted networks: ['testnet', 'litecoin_testnet']
2023/08/14 23:20:43 ERROR __init__(55) Network bitcoin not found in extracted networks: ['testnet', 'litecoin_testnet']
2023/08/14 23:20:57 ERROR __init__(55) Network bitcoin not found in extracted networks: ['testnet', 'litecoin_testnet']
2023/08/14 23:21:09 ERROR __init__(55) Network bitcoin not found in extracted networks: ['testnet', 'litecoin_testnet']
2023/08/14 23:21:32 ERROR __init__(55) Network bitcoin not found in extracted networks: ['testnet', 'litecoin_testnet']
2023/08/14 23:26:50 ERROR __init__(48) Not enough unspent transaction outputs found
2023/08/14 23:26:55 ERROR __init__(48) Not enough unspent transaction outputs found
2023/08/14 23:26:57 ERROR __init__(48) Not enough unspent transaction outputs found
2023/08/15 00:06:00 ERROR __init__(48) Wallet with name 'james@gmail.com' already exists
2023/08/15 00:58:10 ERROR __init__(55) Network bitcoin not found in extracted networks: ['testnet', 'litecoin_testnet']
2023/08/15 00:58:44 ERROR __init__(55) Network bitcoin not found in extracted networks: ['testnet', 'litecoin_testnet']
2023/08/15 00:59:59 ERROR __init__(55) Network bitcoin not found in extracted networks: ['testnet', 'litecoin_testnet']
2023/08/15 18:37:07 WARNING _provider_execute(213) Aborting, max errors exceeded: ['mempool.testnet', 'blockbook.testnet2', 'blockchair.testnet', 'litecoinblockexplorer.testnet2']
2023/08/15 18:51:47 ERROR __init__(48) Not enough unspent transaction outputs found
2023/08/15 19:39:28 ERROR __init__(48) Wallet 'jj@io.com' not found, please specify correct wallet ID or name.
2023/08/15 21:14:14 ERROR __init__(48) Wallet 'mathisgoodgw2@gmail.com' not found, please specify correct wallet ID or name.
2023/08/15 21:16:19 ERROR __init__(48) Wallet 'mathisgoodgw2@gmail.com' not found, please specify correct wallet ID or name.
2023/08/15 21:20:23 ERROR __init__(48) Wallet 'gaborwhit@gmail.com' not found, please specify correct wallet ID or name.
2023/08/15 21:22:15 ERROR __init__(48) Not enough unspent transaction outputs found
2023/08/15 21:22:39 ERROR __init__(48) Not enough unspent transaction outputs found
2023/08/16 07:52:30 ERROR __init__(48) Not enough unspent transaction outputs found
2023/08/16 07:52:35 ERROR __init__(48) Not enough unspent transaction outputs found
2023/08/16 07:52:47 ERROR __init__(48) Not enough unspent transaction outputs found
2023/08/16 07:52:51 ERROR __init__(43) Output must be of type integer and contain no decimals
2023/08/16 07:52:55 ERROR __init__(43) Output must be of type integer and contain no decimals
2023/08/16 07:52:59 ERROR __init__(48) Not enough unspent transaction outputs found
2023/08/16 07:53:07 ERROR __init__(48) Not enough unspent transaction outputs found
2023/08/16 07:58:07 ERROR __init__(48) Not enough unspent transaction outputs found
2023/08/16 07:58:11 ERROR __init__(43) Output must be of type integer and contain no decimals
2023/08/16 07:58:16 ERROR __init__(48) Not enough unspent transaction outputs found
2023/08/16 18:11:57 ERROR __init__(48) Wallet 'jarjar@gmail.com' not found, please specify correct wallet ID or name.
2023/08/16 18:18:58 ERROR __init__(48) Wallet 'jarjar@gmail.com' not found, please specify correct wallet ID or name.
2023/08/16 19:00:22 ERROR __init__(48) Wallet 'lolol@gmail.com' not found, please specify correct wallet ID or name.
2023/08/16 19:00:52 ERROR __init__(48) Wallet 'lolol@gmail.com' not found, please specify correct wallet ID or name.
2023/08/16 19:01:20 ERROR __init__(48) Wallet 'lolol@gmail.com' not found, please specify correct wallet ID or name.
2023/08/16 19:02:18 ERROR __init__(48) Wallet 'lolol@gmail.com' not found, please specify correct wallet ID or name.
2023/08/16 19:05:12 ERROR __init__(48) Wallet 'lolol@gmail.com' not found, please specify correct wallet ID or name.
2023/08/16 20:54:55 ERROR __init__(48) Wallet 'lolol@gmail.com' not found, please specify correct wallet ID or name.
